2023-09-25 21:55:36,986 [INFO] Activator:177 - 


2023-09-25 21:55:36,988 [INFO] Activator:178 - !SESSION log4j initialized
2023-09-25 21:55:42,913 [INFO] McuFinderGlobals:39 - Set McuFinder mode to 2 (CubeIDE integrated)
2023-09-25 21:55:43,220 [INFO] ApplicationProperties:181 - Using Application install path: C:\ST\STM32CubeIDE_1.7.0\STM32CubeIDE\plugins\com.st.stm32cube.common.mx_6.3.0.202107141111
2023-09-25 21:55:43,230 [INFO] DbMcusXml:74 - Set database path to: C:\ST\STM32CubeIDE_1.7.0\STM32CubeIDE\plugins\com.st.stm32cube.common.mx_6.3.0.202107141111\\db\/mcu/
2023-09-25 21:55:43,233 [INFO] DbBoardsPdsc:56 - Set plugin database path to: C:\ST\STM32CubeIDE_1.7.0\STM32CubeIDE\plugins\com.st.stm32cube.common.mx_6.3.0.202107141111\\db\/plugins/boardmanager/
2023-09-25 21:55:43,233 [INFO] DbMcus:258 - Set plugin images path to: C:\ST\STM32CubeIDE_1.7.0\STM32CubeIDE\plugins\com.st.stm32cube.common.mx_6.3.0.202107141111\\db\/plugins/mcufinder/images/
2023-09-25 21:55:43,233 [INFO] DbBoards:264 - Set plugin images path to: C:\ST\STM32CubeIDE_1.7.0\STM32CubeIDE\plugins\com.st.stm32cube.common.mx_6.3.0.202107141111\\db\/plugins/mcufinder/images/
2023-09-25 21:55:43,235 [INFO] DbExamples:333 - Set plugin images path to: C:\ST\STM32CubeIDE_1.7.0\STM32CubeIDE\plugins\com.st.stm32cube.common.mx_6.3.0.202107141111\\db\/plugins/mcufinder/images/
2023-09-25 21:55:43,243 [INFO] DbMcusAds:119 - Set database path to: C:\Users\Admin\.stmcufinder\plugins\mcufinder//mcu/
2023-09-25 21:55:43,245 [INFO] DbMcusDocs:110 - Set database path to: C:\Users\Admin\.stmcufinder\plugins\mcufinder//mcu/
2023-09-25 21:55:43,245 [INFO] DbMcusJson:64 - Set database path to: C:\Users\Admin\.stmcufinder\plugins\mcufinder//mcu/
2023-09-25 21:55:43,248 [INFO] DbBoardsDocs:110 - Set database path to: C:\Users\Admin\.stmcufinder\plugins\mcufinder//mcu/
2023-09-25 21:55:43,248 [INFO] DbBoardsJson:57 - Set database path to: C:\Users\Admin\.stmcufinder\plugins\mcufinder//mcu/
2023-09-25 21:55:43,250 [INFO] CrossReferenceDbSqlite:196 - Set database path to: C:\Users\Admin\.stmcufinder\plugins\mcufinder//mcu/cs/
2023-09-25 21:55:43,253 [INFO] DbExamplesSqlite:767 - Set database path to: C:\Users\Admin\.stmcufinder\plugins\mcufinder//mcu/
2023-09-25 21:55:43,346 [INFO] RulesReader:57 - Compatibility file has been processed (242 Rules)
2023-09-25 21:55:43,426 [INFO] DbMcusXml:74 - Set database path to: C:\ST\STM32CubeIDE_1.7.0\STM32CubeIDE\plugins\com.st.stm32cube.common.mx_6.3.0.202107141111\\db\/mcu/
2023-09-25 21:55:43,426 [INFO] DbBoardsPdsc:56 - Set plugin database path to: C:\ST\STM32CubeIDE_1.7.0\STM32CubeIDE\plugins\com.st.stm32cube.common.mx_6.3.0.202107141111\\db\/plugins/boardmanager/
2023-09-25 21:55:43,426 [INFO] DbMcus:258 - Set plugin images path to: C:\ST\STM32CubeIDE_1.7.0\STM32CubeIDE\plugins\com.st.stm32cube.common.mx_6.3.0.202107141111\\db\/plugins/mcufinder/images/
2023-09-25 21:55:43,428 [INFO] DbBoards:264 - Set plugin images path to: C:\ST\STM32CubeIDE_1.7.0\STM32CubeIDE\plugins\com.st.stm32cube.common.mx_6.3.0.202107141111\\db\/plugins/mcufinder/images/
2023-09-25 21:55:43,428 [INFO] DbExamples:333 - Set plugin images path to: C:\ST\STM32CubeIDE_1.7.0\STM32CubeIDE\plugins\com.st.stm32cube.common.mx_6.3.0.202107141111\\db\/plugins/mcufinder/images/
2023-09-25 21:55:43,428 [WARN] DbFile:35 - Overriding database path with different value: C:\Users\Admin\.stmcufinder\plugins\mcufinder/ => C:\Users\Admin\.stmcufinder\plugins\mcufinder
2023-09-25 21:55:43,428 [INFO] DbMcusAds:119 - Set database path to: C:\Users\Admin\.stmcufinder\plugins\mcufinder//mcu/
2023-09-25 21:55:43,428 [WARN] DbFile:35 - Overriding database path with different value: C:\Users\Admin\.stmcufinder\plugins\mcufinder/ => C:\Users\Admin\.stmcufinder\plugins\mcufinder
2023-09-25 21:55:43,428 [INFO] DbMcusDocs:110 - Set database path to: C:\Users\Admin\.stmcufinder\plugins\mcufinder//mcu/
2023-09-25 21:55:43,428 [WARN] DbFile:35 - Overriding database path with different value: C:\Users\Admin\.stmcufinder\plugins\mcufinder/ => C:\Users\Admin\.stmcufinder\plugins\mcufinder
2023-09-25 21:55:43,428 [INFO] DbMcusJson:64 - Set database path to: C:\Users\Admin\.stmcufinder\plugins\mcufinder//mcu/
2023-09-25 21:55:43,428 [WARN] DbFile:35 - Overriding database path with different value: C:\Users\Admin\.stmcufinder\plugins\mcufinder/ => C:\Users\Admin\.stmcufinder\plugins\mcufinder
2023-09-25 21:55:43,428 [INFO] DbBoardsDocs:110 - Set database path to: C:\Users\Admin\.stmcufinder\plugins\mcufinder//mcu/
2023-09-25 21:55:43,428 [WARN] DbFile:35 - Overriding database path with different value: C:\Users\Admin\.stmcufinder\plugins\mcufinder/ => C:\Users\Admin\.stmcufinder\plugins\mcufinder
2023-09-25 21:55:43,428 [INFO] DbBoardsJson:57 - Set database path to: C:\Users\Admin\.stmcufinder\plugins\mcufinder//mcu/
2023-09-25 21:55:43,428 [WARN] DbFile:35 - Overriding database path with different value: C:\Users\Admin\.stmcufinder\plugins\mcufinder/ => C:\Users\Admin\.stmcufinder\plugins\mcufinder
2023-09-25 21:55:43,428 [WARN] DbFile:35 - Overriding database path with different value: C:\Users\Admin\.stmcufinder\plugins\mcufinder/ => C:\Users\Admin\.stmcufinder\plugins\mcufinder
2023-09-25 21:55:43,428 [INFO] CrossReferenceDbSqlite:196 - Set database path to: C:\Users\Admin\.stmcufinder\plugins\mcufinder//mcu/cs/
2023-09-25 21:55:43,428 [WARN] DbFile:35 - Overriding database path with different value: C:\Users\Admin\.stmcufinder\plugins\mcufinder/ => C:\Users\Admin\.stmcufinder\plugins\mcufinder
2023-09-25 21:55:43,428 [INFO] DbExamplesSqlite:767 - Set database path to: C:\Users\Admin\.stmcufinder\plugins\mcufinder//mcu/
2023-09-25 21:55:43,493 [INFO] MainPanel:214 - HeapMemory: 268435456
2023-09-25 21:55:43,570 [INFO] DbMcusXml:74 - Set database path to: C:\ST\STM32CubeIDE_1.7.0\STM32CubeIDE\plugins\com.st.stm32cube.common.mx_6.3.0.202107141111\\db\/mcu/
2023-09-25 21:55:43,570 [INFO] DbBoardsPdsc:56 - Set plugin database path to: C:\ST\STM32CubeIDE_1.7.0\STM32CubeIDE\plugins\com.st.stm32cube.common.mx_6.3.0.202107141111\\db\/plugins/boardmanager/
2023-09-25 21:55:43,572 [INFO] DbMcus:258 - Set plugin images path to: C:\ST\STM32CubeIDE_1.7.0\STM32CubeIDE\plugins\com.st.stm32cube.common.mx_6.3.0.202107141111\\db\/plugins/mcufinder/images/
2023-09-25 21:55:43,572 [INFO] DbBoards:264 - Set plugin images path to: C:\ST\STM32CubeIDE_1.7.0\STM32CubeIDE\plugins\com.st.stm32cube.common.mx_6.3.0.202107141111\\db\/plugins/mcufinder/images/
2023-09-25 21:55:43,572 [INFO] DbExamples:333 - Set plugin images path to: C:\ST\STM32CubeIDE_1.7.0\STM32CubeIDE\plugins\com.st.stm32cube.common.mx_6.3.0.202107141111\\db\/plugins/mcufinder/images/
2023-09-25 21:55:43,572 [WARN] DbFile:35 - Overriding database path with different value: C:\Users\Admin\.stmcufinder\plugins\mcufinder/ => C:\Users\Admin\.stmcufinder\plugins\mcufinder
2023-09-25 21:55:43,572 [INFO] DbMcusAds:119 - Set database path to: C:\Users\Admin\.stmcufinder\plugins\mcufinder//mcu/
2023-09-25 21:55:43,572 [WARN] DbFile:35 - Overriding database path with different value: C:\Users\Admin\.stmcufinder\plugins\mcufinder/ => C:\Users\Admin\.stmcufinder\plugins\mcufinder
2023-09-25 21:55:43,572 [INFO] DbMcusDocs:110 - Set database path to: C:\Users\Admin\.stmcufinder\plugins\mcufinder//mcu/
2023-09-25 21:55:43,572 [WARN] DbFile:35 - Overriding database path with different value: C:\Users\Admin\.stmcufinder\plugins\mcufinder/ => C:\Users\Admin\.stmcufinder\plugins\mcufinder
2023-09-25 21:55:43,572 [INFO] DbMcusJson:64 - Set database path to: C:\Users\Admin\.stmcufinder\plugins\mcufinder//mcu/
2023-09-25 21:55:43,572 [WARN] DbFile:35 - Overriding database path with different value: C:\Users\Admin\.stmcufinder\plugins\mcufinder/ => C:\Users\Admin\.stmcufinder\plugins\mcufinder
2023-09-25 21:55:43,572 [INFO] DbBoardsDocs:110 - Set database path to: C:\Users\Admin\.stmcufinder\plugins\mcufinder//mcu/
2023-09-25 21:55:43,572 [WARN] DbFile:35 - Overriding database path with different value: C:\Users\Admin\.stmcufinder\plugins\mcufinder/ => C:\Users\Admin\.stmcufinder\plugins\mcufinder
2023-09-25 21:55:43,572 [INFO] DbBoardsJson:57 - Set database path to: C:\Users\Admin\.stmcufinder\plugins\mcufinder//mcu/
2023-09-25 21:55:43,572 [WARN] DbFile:35 - Overriding database path with different value: C:\Users\Admin\.stmcufinder\plugins\mcufinder/ => C:\Users\Admin\.stmcufinder\plugins\mcufinder
2023-09-25 21:55:43,572 [WARN] DbFile:35 - Overriding database path with different value: C:\Users\Admin\.stmcufinder\plugins\mcufinder/ => C:\Users\Admin\.stmcufinder\plugins\mcufinder
2023-09-25 21:55:43,572 [INFO] CrossReferenceDbSqlite:196 - Set database path to: C:\Users\Admin\.stmcufinder\plugins\mcufinder//mcu/cs/
2023-09-25 21:55:43,572 [WARN] DbFile:35 - Overriding database path with different value: C:\Users\Admin\.stmcufinder\plugins\mcufinder/ => C:\Users\Admin\.stmcufinder\plugins\mcufinder
2023-09-25 21:55:43,572 [INFO] DbExamplesSqlite:767 - Set database path to: C:\Users\Admin\.stmcufinder\plugins\mcufinder//mcu/
2023-09-25 21:55:43,590 [INFO] ApplicationProperties:181 - Using Application install path: C:\ST\STM32CubeIDE_1.7.0\STM32CubeIDE\plugins\com.st.stm32cube.common.mx_6.3.0.202107141111
2023-09-25 21:55:43,590 [INFO] PluginManage:188 - Search for loadable plugins [exclusion list=, ]
2023-09-25 21:55:43,592 [INFO] PluginManage:302 - Check plugin analytics
2023-09-25 21:55:43,720 [INFO] AnalyticsPlugin:257 - Accepted Software Licenses: 
2023-09-25 21:55:43,720 [INFO] AnalyticsPlugin:259 - Accepted CMSIS Pack Licenses: 
2023-09-25 21:55:43,723 [INFO] AnalyticsPlugin:261 - Accepted Firmware Licenses: 
2023-09-25 21:55:43,723 [INFO] PluginManage:352 - Loaded plugin analytics (category:tool,tabindex:-1)
2023-09-25 21:55:43,723 [INFO] PluginManage:302 - Check plugin clock
2023-09-25 21:55:43,737 [INFO] PluginManage:352 - Loaded plugin clock (category:base,tabindex:2)
2023-09-25 21:55:43,737 [INFO] PluginManage:302 - Check plugin ddr
2023-09-25 21:55:43,740 [INFO] PluginManage:352 - Loaded plugin ddr (category:tool,tabindex:6)
2023-09-25 21:55:43,740 [INFO] PluginManage:302 - Check plugin filemanager
2023-09-25 21:55:43,855 [INFO] PluginManage:352 - Loaded plugin filemanager (category:base,tabindex:10)
2023-09-25 21:55:43,855 [INFO] PluginManage:302 - Check plugin ipmanager
2023-09-25 21:55:43,862 [INFO] PluginManage:352 - Loaded plugin ipmanager (category:base,tabindex:5)
2023-09-25 21:55:43,862 [INFO] PluginManage:302 - Check plugin pinoutandconfiguration
2023-09-25 21:55:43,877 [INFO] PluginManage:352 - Loaded plugin pinoutandconfiguration (category:base,tabindex:1)
2023-09-25 21:55:43,877 [INFO] PluginManage:302 - Check plugin pinoutconfig
2023-09-25 21:55:43,907 [INFO] PluginManage:352 - Loaded plugin pinoutconfig (category:base,tabindex:0)
2023-09-25 21:55:43,907 [INFO] PluginManage:302 - Check plugin power
2023-09-25 21:55:43,922 [INFO] PluginManage:352 - Loaded plugin power (category:power,tabindex:4)
2023-09-25 21:55:43,922 [INFO] PluginManage:302 - Check plugin projectmanager
2023-09-25 21:55:43,938 [INFO] PluginManage:352 - Loaded plugin projectmanager (category:projectmanager,tabindex:3)
2023-09-25 21:55:43,938 [INFO] PluginManage:302 - Check plugin thirdparty
2023-09-25 21:55:44,140 [INFO] PluginManage:352 - Loaded plugin thirdparty (category:base,tabindex:-1)
2023-09-25 21:55:44,140 [INFO] PluginManage:302 - Check plugin tools
2023-09-25 21:55:44,140 [WARN] IntegrityCheckThread:78 - waiting for thirdparty lock release [integrity check]
2023-09-25 21:55:44,143 [INFO] IntegrityCheckThread:80 - entering critical section [integrity check]
2023-09-25 21:55:44,143 [INFO] ThirdPartyUpdaterWithRetryManager:66 - Updater plugin not ready yet. [1/15]
2023-09-25 21:55:44,202 [INFO] PluginManage:352 - Loaded plugin tools (category:base,tabindex:7)
2023-09-25 21:55:44,202 [INFO] PluginManage:302 - Check plugin tutovideos
2023-09-25 21:55:44,445 [INFO] PluginManage:352 - Loaded plugin tutovideos (category:base,tabindex:-1)
2023-09-25 21:55:44,445 [INFO] PluginManage:302 - Check plugin updater
2023-09-25 21:55:44,455 [INFO] PluginManage:352 - Loaded plugin updater (category:base,tabindex:12)
2023-09-25 21:55:44,455 [INFO] PluginManage:275 - PluginManage : Loaded plugins [13]
2023-09-25 21:55:44,598 [INFO] PinOutPanel:1463 - setPackage(No Configuration,No Configuration)
2023-09-25 21:55:44,678 [INFO] IPUIPlugin:74 - create IPUIPlugin
2023-09-25 21:55:44,678 [INFO] PluginManager:213 - loadIPPluginJar : add adc
2023-09-25 21:55:44,723 [INFO] IPUIPlugin:74 - create IPUIPlugin
2023-09-25 21:55:44,723 [INFO] PluginManager:213 - loadIPPluginJar : add aes
2023-09-25 21:55:44,780 [INFO] IPUIPlugin:74 - create IPUIPlugin
2023-09-25 21:55:44,780 [INFO] PluginManager:213 - loadIPPluginJar : add can
2023-09-25 21:55:44,813 [INFO] IPUIPlugin:74 - create IPUIPlugin
2023-09-25 21:55:44,813 [INFO] PluginManager:213 - loadIPPluginJar : add comp
2023-09-25 21:55:44,853 [INFO] IPUIPlugin:74 - create IPUIPlugin
2023-09-25 21:55:44,853 [INFO] PluginManager:213 - loadIPPluginJar : add cryp
2023-09-25 21:55:44,893 [INFO] IPUIPlugin:74 - create IPUIPlugin
2023-09-25 21:55:44,893 [INFO] PluginManager:213 - loadIPPluginJar : add dfsdm
2023-09-25 21:55:44,910 [INFO] IPUIPlugin:74 - create IPUIPlugin
2023-09-25 21:55:44,910 [INFO] PluginManager:213 - loadIPPluginJar : add dma
2023-09-25 21:55:44,965 [INFO] IPUIPlugin:74 - create IPUIPlugin
2023-09-25 21:55:44,965 [INFO] PluginManager:213 - loadIPPluginJar : add dma3
2023-09-25 21:55:44,995 [INFO] IPUIPlugin:74 - create IPUIPlugin
2023-09-25 21:55:44,995 [INFO] PluginManager:213 - loadIPPluginJar : add fatfs
2023-09-25 21:55:45,060 [INFO] IPUIPlugin:74 - create IPUIPlugin
2023-09-25 21:55:45,060 [INFO] PluginManager:213 - loadIPPluginJar : add fmc
2023-09-25 21:55:45,072 [INFO] IPUIPlugin:74 - create IPUIPlugin
2023-09-25 21:55:45,075 [INFO] PluginManager:213 - loadIPPluginJar : add freertos
2023-09-25 21:55:45,106 [INFO] IPUIPlugin:74 - create IPUIPlugin
2023-09-25 21:55:45,106 [INFO] PluginManager:213 - loadIPPluginJar : add genericplugin
2023-09-25 21:55:45,215 [INFO] IPUIPlugin:74 - create IPUIPlugin
2023-09-25 21:55:45,215 [INFO] PluginManager:213 - loadIPPluginJar : add gfxmmu
2023-09-25 21:55:45,370 [INFO] IPUIPlugin:74 - create IPUIPlugin
2023-09-25 21:55:45,370 [INFO] PluginManager:213 - loadIPPluginJar : add gic
2023-09-25 21:55:45,386 [INFO] IPUIPlugin:74 - create IPUIPlugin
2023-09-25 21:55:45,386 [INFO] PluginManager:213 - loadIPPluginJar : add gpio
2023-09-25 21:55:45,477 [INFO] IPUIPlugin:74 - create IPUIPlugin
2023-09-25 21:55:45,477 [INFO] PluginManager:213 - loadIPPluginJar : add gtzc
2023-09-25 21:55:45,515 [INFO] IPUIPlugin:74 - create IPUIPlugin
2023-09-25 21:55:45,518 [INFO] PluginManager:213 - loadIPPluginJar : add hash
2023-09-25 21:55:45,582 [INFO] IPUIPlugin:74 - create IPUIPlugin
2023-09-25 21:55:45,582 [INFO] PluginManager:213 - loadIPPluginJar : add i2c
2023-09-25 21:55:45,635 [INFO] IPUIPlugin:74 - create IPUIPlugin
2023-09-25 21:55:45,636 [INFO] PluginManager:213 - loadIPPluginJar : add i2s
2023-09-25 21:55:45,648 [INFO] IPUIPlugin:74 - create IPUIPlugin
2023-09-25 21:55:45,650 [INFO] PluginManager:213 - loadIPPluginJar : add ipddr
2023-09-25 21:55:45,753 [INFO] IPUIPlugin:74 - create IPUIPlugin
2023-09-25 21:55:45,753 [INFO] PluginManager:213 - loadIPPluginJar : add linkedlist
2023-09-25 21:55:45,798 [INFO] IPUIPlugin:74 - create IPUIPlugin
2023-09-25 21:55:45,798 [INFO] PluginManager:213 - loadIPPluginJar : add lorawan
2023-09-25 21:55:45,845 [INFO] IPUIPlugin:74 - create IPUIPlugin
2023-09-25 21:55:45,845 [INFO] PluginManager:213 - loadIPPluginJar : add ltdc
2023-09-25 21:55:45,860 [INFO] IPUIPlugin:74 - create IPUIPlugin
2023-09-25 21:55:45,862 [INFO] PluginManager:213 - loadIPPluginJar : add mdma
2023-09-25 21:55:45,873 [INFO] IPUIPlugin:74 - create IPUIPlugin
2023-09-25 21:55:45,875 [INFO] PluginManager:213 - loadIPPluginJar : add nvic
2023-09-25 21:55:45,920 [INFO] IPUIPlugin:74 - create IPUIPlugin
2023-09-25 21:55:45,920 [INFO] PluginManager:213 - loadIPPluginJar : add opamp
2023-09-25 21:55:45,998 [INFO] IPUIPlugin:74 - create IPUIPlugin
2023-09-25 21:55:45,998 [INFO] PluginManager:213 - loadIPPluginJar : add openamp
2023-09-25 21:55:46,057 [INFO] IPUIPlugin:74 - create IPUIPlugin
2023-09-25 21:55:46,057 [INFO] PluginManager:213 - loadIPPluginJar : add pdm2pcm
2023-09-25 21:55:46,076 [INFO] IPUIPlugin:74 - create IPUIPlugin
2023-09-25 21:55:46,080 [INFO] PluginManager:213 - loadIPPluginJar : add plateformsettings
2023-09-25 21:55:46,110 [INFO] IPUIPlugin:74 - create IPUIPlugin
2023-09-25 21:55:46,113 [INFO] PluginManager:213 - loadIPPluginJar : add quadspi
2023-09-25 21:55:46,123 [INFO] IPUIPlugin:74 - create IPUIPlugin
2023-09-25 21:55:46,125 [INFO] PluginManager:213 - loadIPPluginJar : add resmgrutility
2023-09-25 21:55:46,194 [INFO] IPUIPlugin:74 - create IPUIPlugin
2023-09-25 21:55:46,194 [INFO] PluginManager:213 - loadIPPluginJar : add sai
2023-09-25 21:55:46,243 [INFO] IPUIPlugin:74 - create IPUIPlugin
2023-09-25 21:55:46,245 [INFO] PluginManager:213 - loadIPPluginJar : add spi
2023-09-25 21:55:46,309 [INFO] IPUIPlugin:74 - create IPUIPlugin
2023-09-25 21:55:46,311 [INFO] PluginManager:213 - loadIPPluginJar : add stm32_wpan
2023-09-25 21:55:46,346 [INFO] IPUIPlugin:74 - create IPUIPlugin
2023-09-25 21:55:46,346 [INFO] PluginManager:213 - loadIPPluginJar : add tim
2023-09-25 21:55:46,435 [INFO] IPUIPlugin:74 - create IPUIPlugin
2023-09-25 21:55:46,436 [INFO] PluginManager:213 - loadIPPluginJar : add touchsensing
2023-09-25 21:55:46,468 [INFO] IPUIPlugin:74 - create IPUIPlugin
2023-09-25 21:55:46,470 [INFO] PluginManager:213 - loadIPPluginJar : add tracer_emb
2023-09-25 21:55:46,505 [INFO] IPUIPlugin:74 - create IPUIPlugin
2023-09-25 21:55:46,505 [INFO] PluginManager:213 - loadIPPluginJar : add ts
2023-09-25 21:55:46,540 [INFO] IPUIPlugin:74 - create IPUIPlugin
2023-09-25 21:55:46,540 [INFO] PluginManager:213 - loadIPPluginJar : add tsc
2023-09-25 21:55:46,578 [INFO] IPUIPlugin:74 - create IPUIPlugin
2023-09-25 21:55:46,578 [INFO] PluginManager:213 - loadIPPluginJar : add ucpd
2023-09-25 21:55:46,639 [INFO] IPUIPlugin:74 - create IPUIPlugin
2023-09-25 21:55:46,639 [INFO] PluginManager:213 - loadIPPluginJar : add usart
2023-09-25 21:55:46,688 [INFO] IPUIPlugin:74 - create IPUIPlugin
2023-09-25 21:55:46,688 [INFO] PluginManager:213 - loadIPPluginJar : add usbx
2023-09-25 21:55:47,076 [FATAL] Updater:294 - Updater called before beeing initialized
2023-09-25 21:55:47,145 [INFO] ThirdPartyUpdaterWithRetryManager:66 - Updater plugin not ready yet. [2/15]
2023-09-25 21:55:47,190 [FATAL] Updater:294 - Updater called before beeing initialized
2023-09-25 21:55:47,195 [INFO] DbMcusAds:47 - JSON generation date=Tue Mar 07 15:50:55 ICT 2023 (1678179055114)
2023-09-25 21:55:47,195 [FATAL] Updater:294 - Updater called before beeing initialized
2023-09-25 21:55:47,275 [WARN] DetailPanel:314 - Failed to get advertising image, set to default
2023-09-25 21:55:47,377 [FATAL] Updater:294 - Updater called before beeing initialized
2023-09-25 21:55:47,380 [FATAL] Updater:294 - Updater called before beeing initialized
2023-09-25 21:55:47,380 [FATAL] Updater:294 - Updater called before beeing initialized
2023-09-25 21:55:47,380 [WARN] DetailPanel:314 - Failed to get advertising image, set to default
2023-09-25 21:55:47,380 [FATAL] Updater:294 - Updater called before beeing initialized
2023-09-25 21:55:47,442 [ERROR] Updater:1075 - MainUpdater not yet initialized. External WinMGr cannot be set.
2023-09-25 21:55:47,453 [INFO] Updater:1012 - Updater Version found : 6.3.0
2023-09-25 21:55:47,470 [INFO] ApplicationProperties:181 - Using Application install path: C:\ST\STM32CubeIDE_1.7.0\STM32CubeIDE\plugins\com.st.stm32cube.common.mx_6.3.0.202107141111
2023-09-25 21:55:47,975 [INFO] MainUpdater:2671 - connection check result : 10
2023-09-25 21:55:47,978 [INFO] MainUpdater:265 - Updater Check For Update Now.
2023-09-25 21:55:47,978 [INFO] MicroXplorer:478 - Change Database Version : DB.6.0.30
2023-09-25 21:55:48,163 [INFO] CheckServerUpdateThread:112 - End of CheckServer Thread
2023-09-25 21:55:48,223 [INFO] MainUpdater:2671 - connection check result : 10
2023-09-25 21:55:48,785 [INFO] McuFinderGlobals:52 - Set McuFinderConnectedMode to false
2023-09-25 21:55:48,933 [INFO] CrossSelectorPresenter:1330 - Cross Selector saved comparison directory: C:\Users\Admin\.stmcufinder\plugins\mcufinder\mcu\cs_comparisons_mx
2023-09-25 21:55:48,943 [INFO] MultiScanPanel:197 - Auto-refresh data requested => check proxy status ongoing
2023-09-25 21:55:48,943 [INFO] MultiScanPanel:201 - Proxy status is invalid
2023-09-25 21:55:48,948 [INFO] FinderPluginLoader:87 - Searching for filters in installed packs
2023-09-25 21:55:48,950 [INFO] DbMcusXml:100 - Load MCU database from C:\ST\STM32CubeIDE_1.7.0\STM32CubeIDE\plugins\com.st.stm32cube.common.mx_6.3.0.202107141111\\db\/mcu/families.xml
2023-09-25 21:55:50,642 [WARN] PackLoader:238 - Cannot read IP mode file for STMicroelectronics.X-CUBE-AZRTOS-F4.1.1.0
2023-09-25 21:55:50,699 [WARN] PackLoader:238 - Cannot read IP mode file for STMicroelectronics.X-CUBE-BLEMGR.1.2.0
2023-09-25 21:55:50,912 [WARN] PackLoader:238 - Cannot read IP mode file for STMicroelectronics.X-CUBE-AZRTOS-F7.1.1.0
2023-09-25 21:55:50,957 [WARN] PackLoader:238 - Cannot read IP mode file for STMicroelectronics.X-CUBE-BLE1.6.2.3
2023-09-25 21:55:50,975 [INFO] DbMcusJson:93 - JSON generation date=Tue Nov 16 23:17:54 ICT 2021 (1637079474)
2023-09-25 21:55:50,982 [WARN] PackLoader:238 - Cannot read IP mode file for STMicroelectronics.X-CUBE-BLE1.6.2.4
2023-09-25 21:55:51,010 [WARN] PackLoader:238 - Cannot read IP mode file for STMicroelectronics.X-CUBE-NFC4.2.0.5
2023-09-25 21:55:51,045 [WARN] PackLoader:238 - Cannot read IP mode file for STMicroelectronics.X-CUBE-NFC4.2.0.4
2023-09-25 21:55:51,087 [WARN] PackLoader:238 - Cannot read IP mode file for STMicroelectronics.X-CUBE-TOF1.3.1.0
2023-09-25 21:55:51,125 [WARN] PackLoader:238 - Cannot read IP mode file for wolfSSL.I-CUBE-wolfSSL.5.5.0
2023-09-25 21:55:51,178 [WARN] PackLoader:238 - Cannot read IP mode file for STMicroelectronics.X-CUBE-NFC7.1.0.0
2023-09-25 21:55:51,357 [WARN] PackLoader:238 - Cannot read IP mode file for STMicroelectronics.X-CUBE-MEMS1.9.3.0
2023-09-25 21:55:52,025 [WARN] PackLoader:238 - Cannot read IP mode file for STMicroelectronics.X-CUBE-EEPRMA1.4.1.0
2023-09-25 21:55:52,053 [WARN] PackLoader:238 - Cannot read IP mode file for STMicroelectronics.X-CUBE-AI.7.2.0
2023-09-25 21:55:52,085 [WARN] PackLoader:238 - Cannot read IP mode file for STMicroelectronics.X-CUBE-SFXS2LP1.4.0.0
2023-09-25 21:55:52,168 [WARN] PackLoader:238 - Cannot read IP mode file for STMicroelectronics.X-CUBE-TOF1.3.2.0
2023-09-25 21:55:52,318 [WARN] PackLoader:238 - Cannot read IP mode file for STMicroelectronics.X-CUBE-AZRTOS-H7.3.0.0
2023-09-25 21:55:52,358 [WARN] PackLoader:238 - Cannot read IP mode file for STMicroelectronics.X-CUBE-ISPU.1.0.0
2023-09-25 21:55:52,381 [WARN] PackLoader:238 - Cannot read IP mode file for STMicroelectronics.X-CUBE-ISPU.1.1.0
2023-09-25 21:55:52,425 [WARN] PackLoader:238 - Cannot read IP mode file for RoweBots.I-CUBE-UNISONRTOS.5.5.0-4
2023-09-25 21:55:52,527 [WARN] PackLoader:238 - Cannot read IP mode file for STMicroelectronics.X-CUBE-AZRTOS-H7.2.1.0
2023-09-25 21:55:52,573 [WARN] PackLoader:238 - Cannot read IP mode file for STMicroelectronics.X-CUBE-TOUCHGFX.4.21.0
2023-09-25 21:55:52,615 [WARN] PackLoader:238 - Cannot read IP mode file for STMicroelectronics.X-CUBE-BLEMGR.1.0.0
2023-09-25 21:55:52,816 [WARN] PackLoader:238 - Cannot read IP mode file for STMicroelectronics.X-CUBE-MEMS1.9.4.0
2023-09-25 21:55:53,333 [INFO] DbMcus:175 - Found 1951 MCUs (1903 are supported by CubeMX, 1914 are visible in CubeMX)
2023-09-25 21:55:53,343 [INFO] ApiDb:251 - Load user favorites file C:\Users\Admin/.stm32cubeide/favorites.mcus.txt: 0 item(s)
2023-09-25 21:55:53,343 [INFO] ApiDb:255 - User favorites MCUs=[]
2023-09-25 21:55:53,343 [INFO] DbMcus:187 - Set 0 / 0 favorites MCUs
2023-09-25 21:55:53,549 [WARN] PackLoader:238 - Cannot read IP mode file for STMicroelectronics.X-CUBE-AI.7.3.0
2023-09-25 21:55:53,607 [WARN] PackLoader:238 - Cannot read IP mode file for STMicroelectronics.X-CUBE-ALGOBUILD.1.3.0
2023-09-25 21:55:53,730 [WARN] PackLoader:238 - Cannot read IP mode file for STMicroelectronics.X-CUBE-AZRTOS-L5.1.1.0
2023-09-25 21:55:53,870 [WARN] PackLoader:238 - Cannot read IP mode file for STMicroelectronics.X-CUBE-AZRTOS-G0.1.1.0
2023-09-25 21:55:53,989 [WARN] PackLoader:238 - Cannot read IP mode file for STMicroelectronics.X-CUBE-SUBG2.5.0.0
2023-09-25 21:55:54,238 [WARN] PackLoader:238 - Cannot read IP mode file for SEGGER.I-CUBE-embOS.1.2.0
2023-09-25 21:55:54,478 [WARN] PackLoader:238 - Cannot read IP mode file for STMicroelectronics.X-CUBE-BLEMGR.1.3.0
2023-09-25 21:55:54,583 [WARN] PackLoader:238 - Cannot read IP mode file for STMicroelectronics.X-CUBE-AZRTOS-G4.1.0.0
2023-09-25 21:55:54,626 [WARN] PackLoader:238 - Cannot read IP mode file for STMicroelectronics.FP-ATR-SIGFOX1.3.2.0
2023-09-25 21:55:54,741 [WARN] PackLoader:238 - Cannot read IP mode file for STMicroelectronics.X-CUBE-AZRTOS-L4.1.0.0
2023-09-25 21:55:54,790 [WARN] PackLoader:238 - Cannot read IP mode file for emotas.I-CUBE-CANOPEN.1.1.2
2023-09-25 21:55:54,821 [WARN] PackLoader:238 - Cannot read IP mode file for STMicroelectronics.X-CUBE-TOUCHGFX.4.20.0
2023-09-25 21:55:54,911 [WARN] PackLoader:238 - Cannot read IP mode file for STMicroelectronics.X-CUBE-AZRTOS-WL.1.0.0
2023-09-25 21:55:54,977 [WARN] PackLoader:238 - Cannot read IP mode file for portGmbH.I-Cube-SoM-uGOAL.1.1.0
2023-09-25 21:55:55,088 [WARN] PackLoader:238 - Cannot read IP mode file for STMicroelectronics.X-CUBE-AZRTOS-WB.1.1.0
2023-09-25 21:55:55,191 [WARN] PackLoader:238 - Cannot read IP mode file for STMicroelectronics.X-CUBE-AZRTOS-L5.1.0.0
2023-09-25 21:55:55,231 [WARN] PackLoader:238 - Cannot read IP mode file for STMicroelectronics.X-CUBE-EEPRMA1.3.1.1
2023-09-25 21:55:55,233 [INFO] ThirdParty:915 - Integrity check success = true
2023-09-25 21:55:55,233 [INFO] IntegrityCheckThread:94 - exiting critical section [integrity check]
2023-09-25 21:55:55,233 [INFO] IntegrityCheckThread:97 - End integrity checks thread
2023-09-25 21:55:55,325 [INFO] DetailPanel:309 - Set advertising image to C:/Users/Admin/STM32Cube/Repository/\en.prom-stm32h5-mcu-finder.jpg
2023-09-25 21:55:56,266 [INFO] DbBoardsPdsc:90 - Found 25 items
2023-09-25 21:55:56,281 [INFO] DbBoardsPdsc:90 - Found 9 items
2023-09-25 21:55:56,300 [INFO] DbBoardsPdsc:90 - Found 33 items
2023-09-25 21:55:56,313 [INFO] DbBoardsPdsc:90 - Found 1 items
2023-09-25 21:55:56,335 [INFO] DbBoardsPdsc:90 - Found 48 items
2023-09-25 21:55:56,359 [INFO] DbBoardsPdsc:90 - Found 43 items
2023-09-25 21:55:56,373 [INFO] DbBoardsPdsc:90 - Found 2 items
2023-09-25 21:55:56,386 [INFO] DbBoardsPdsc:90 - Found 5 items
2023-09-25 21:55:56,392 [WARN] DbBoardsPdsc:254 - Board STM32H7B3I-DK: unknown feature type=Audio, name=, username=Audio stereo codec with Headphone Amp (CS42L51-CNZ), n=1
2023-09-25 21:55:56,393 [WARN] DbBoardsPdsc:254 - Board STM32H735G-DK: unknown feature type=Audio, name=, username=Audio stereo codec with Headphone Amp (WM8994ECS/R), n=1
2023-09-25 21:55:56,395 [WARN] DbBoardsPdsc:254 - Board STM32H7B3I-EVAL: unknown feature type=Audio, name=, username=Multi-Channel Audio Codec (CS42L51-CNZ), n=1
2023-09-25 21:55:56,395 [WARN] DbBoardsPdsc:254 - Board STM32H7B3I-EVAL: unknown feature type=Meter, name=, username=Power-metering and Temperature-monitoring with sigma-delta modulators, n=1
2023-09-25 21:55:56,395 [WARN] DbBoardsPdsc:254 - Board STM32H7B3I-EVAL: unknown feature type=Motor, name=, username=Motor Control, n=1
2023-09-25 21:55:56,396 [WARN] DbBoardsPdsc:254 - Board STM32U575I-EV: unknown feature type=joystick, name=, username=4-direction joystick with selection button, n=1
2023-09-25 21:55:56,472 [INFO] DbBoardsJson:86 - JSON generation date=Tue Nov 16 23:17:54 ICT 2021 (1637079474)
2023-09-25 21:55:56,480 [INFO] DbBoards:117 - Found 167 boards (163 are supported by CubeMX)
2023-09-25 21:55:56,496 [INFO] DbBoardsDocs:143 - JSON generation date=Tue Nov 16 23:17:54 ICT 2021 (1637079474)
2023-09-25 21:55:56,501 [INFO] DbBoardsDocs:79 - Found 209 boards documents
2023-09-25 21:55:56,502 [WARN] DbBoards:127 - board B-L475E-IOT01A2 has no document id list !
2023-09-25 21:55:56,504 [WARN] DbBoards:127 - board NUCLEO-H743ZI has no document id list !
2023-09-25 21:55:56,505 [WARN] DbBoards:127 - board NUCLEO-WL55JC2 has no document id list !
2023-09-25 21:55:56,505 [WARN] DbBoards:127 - board P-NUCLEO-WB55-Nucleo has no document id list !
2023-09-25 21:55:56,505 [WARN] DbBoards:127 - board P-NUCLEO-WB55-USBDongle has no document id list !
2023-09-25 21:55:56,505 [WARN] DbBoards:127 - board STEVAL-BFA001V1B has no document id list !
2023-09-25 21:55:56,505 [WARN] DbBoards:127 - board STEVAL-BFA001V2B has no document id list !
2023-09-25 21:55:56,505 [WARN] DbBoards:127 - board STEVAL-IDP005V1 has no document id list !
2023-09-25 21:55:56,505 [WARN] DbBoards:127 - board STEVAL-IDP005V2 has no document id list !
2023-09-25 21:55:56,505 [WARN] DbBoards:127 - board STEVAL-MKSBOX1V1 has no document id list !
2023-09-25 21:55:56,505 [WARN] DbBoards:127 - board STEVAL-STWINKT1 has no document id list !
2023-09-25 21:55:56,505 [WARN] DbBoards:127 - board STEVAL-STWINKT1B has no document id list !
2023-09-25 21:55:56,506 [WARN] DbBoards:127 - board STM32439I-EVAL2 has no document id list !
2023-09-25 21:55:56,506 [WARN] DbBoards:127 - board STM32F401C-DISCO has no document id list !
2023-09-25 21:55:56,508 [WARN] DbBoards:127 - board STM32F769I-DISC1 has no document id list !
2023-09-25 21:55:56,508 [WARN] DbBoards:127 - board STM32G474E-EVAL1 has no document id list !
2023-09-25 21:55:56,508 [WARN] DbBoards:127 - board STM32H743I-EVAL2 has no document id list !
2023-09-25 21:55:56,509 [WARN] DbBoards:127 - board STM32H747I-DISC1 has no document id list !
2023-09-25 21:55:56,509 [WARN] DbBoards:127 - board STM32H753I-EVAL2 has no document id list !
2023-09-25 21:55:56,509 [WARN] DbBoards:127 - board STM32L-DISCOVERY has no document id list !
2023-09-25 21:55:56,791 [ERROR] DbBoards:189 - Image file not found for board B-U585I-IOT02A: C:\ST\STM32CubeIDE_1.7.0\STM32CubeIDE\plugins\com.st.stm32cube.common.mx_6.3.0.202107141111\\db\/plugins/mcufinder/images/boards/B-U585I-IOT02A_small.jpg
2023-09-25 21:55:57,005 [ERROR] DbBoards:189 - Image file not found for board NUCLEO-F413ZH: C:\ST\STM32CubeIDE_1.7.0\STM32CubeIDE\plugins\com.st.stm32cube.common.mx_6.3.0.202107141111\\db\/plugins/mcufinder/images/boards/nucleo-f413zh_small.jpg
2023-09-25 21:55:57,375 [ERROR] DbBoards:189 - Image file not found for board NUCLEO-L552ZE-Q: C:\ST\STM32CubeIDE_1.7.0\STM32CubeIDE\plugins\com.st.stm32cube.common.mx_6.3.0.202107141111\\db\/plugins/mcufinder/images/boards/nucleo_l552ze_q_small.jpg
2023-09-25 21:55:57,376 [ERROR] DbBoards:189 - Image file not found for board NUCLEO-U575ZI-Q: C:\ST\STM32CubeIDE_1.7.0\STM32CubeIDE\plugins\com.st.stm32cube.common.mx_6.3.0.202107141111\\db\/plugins/mcufinder/images/boards/nucleo-u575zi-q_small.jpg
2023-09-25 21:55:57,376 [ERROR] DbBoards:189 - Image file not found for board NUCLEO-WB15CC: C:\ST\STM32CubeIDE_1.7.0\STM32CubeIDE\plugins\com.st.stm32cube.common.mx_6.3.0.202107141111\\db\/plugins/mcufinder/images/boards/nucleo-wb15cc_small.jpg
2023-09-25 21:55:57,376 [ERROR] DbBoards:189 - Image file not found for board NUCLEO-WB55RG: C:\ST\STM32CubeIDE_1.7.0\STM32CubeIDE\plugins\com.st.stm32cube.common.mx_6.3.0.202107141111\\db\/plugins/mcufinder/images/boards/nucleo-wb55rg_small.jpg
2023-09-25 21:55:59,601 [INFO] ApiDb:251 - Load user favorites file C:\Users\Admin/.stm32cubeide/favorites.boards.txt: 0 item(s)
2023-09-25 21:55:59,601 [INFO] ApiDb:255 - User favorites Boards=[]
2023-09-25 21:55:59,602 [INFO] DbBoards:206 - Set 0 / 0 favorites Boards
2023-09-25 21:56:11,305 [INFO] DbMcusDocs:143 - JSON generation date=Tue Nov 16 23:17:54 ICT 2021 (1637079474)
2023-09-25 21:56:11,755 [INFO] DbMcusDocs:79 - Found 682 MCUs documents
2023-09-25 21:56:24,477 [INFO] MainUpdater:2671 - connection check result : 10
2023-09-25 21:56:24,478 [INFO] MainUpdater:2671 - connection check result : 10
2023-09-25 21:56:24,588 [INFO] MicroXplorer:448 - Change Database Path : 
2023-09-25 21:56:24,589 [INFO] MicroXplorer:478 - Change Database Version : DB.6.0.30
2023-09-25 21:56:24,591 [WARN] ThirdParty:813 - waiting for thirdparty lock release [close project]
2023-09-25 21:56:24,592 [INFO] ThirdParty:815 - entering critical section [close project]
2023-09-25 21:56:24,593 [INFO] ThirdParty:825 - exiting critical section [close project]
2023-09-25 21:56:24,605 [INFO] PinOutPanel:1463 - setPackage(No Configuration,No Configuration)
2023-09-25 21:56:24,606 [INFO] UtilMem:74 - Begin LoadConfig() Used Memory: 308462464 Bytes (548405248)
2023-09-25 21:56:24,609 [INFO] MicroXplorer:448 - Change Database Path : 
2023-09-25 21:56:24,610 [INFO] MicroXplorer:478 - Change Database Version : DB.6.0.30
2023-09-25 21:56:24,610 [INFO] OpenFileManager:313 - Change cursor
2023-09-25 21:56:26,463 [INFO] Context:592 - Trying to add GPIOservice into a context  which must be forbidden
2023-09-25 21:56:26,841 [INFO] ImportTextPane:167 - (OptionalMessage_ERROR) Unable to find key (Mcu.ThirdPartyNb) in loaded IOC file
2023-09-25 21:56:26,841 [INFO] ImportTextPane:167 - (OptionalMessage_ERROR) Unable to find key (Mcu.PinsNb) in loaded IOC file
2023-09-25 21:56:26,842 [INFO] ImportTextPane:167 - (OptionalMessage_ERROR) Unable to find key (Mcu.IPNb) in loaded IOC file
2023-09-25 21:56:27,270 [WARN] ApiManager:304 - Cannot register API 'Board Extension:IKS01A3' from pack STMicroelectronics.X-CUBE-MEMS1.9.4.0: no header file found
2023-09-25 21:56:27,270 [WARN] ApiManager:304 - Cannot register API 'Board Extension:IKS01A2' from pack STMicroelectronics.X-CUBE-MEMS1.9.4.0: no header file found
2023-09-25 21:56:27,270 [WARN] ApiManager:304 - Cannot register API 'Board Extension:IKS02A1' from pack STMicroelectronics.X-CUBE-MEMS1.9.4.0: no header file found
2023-09-25 21:56:27,290 [WARN] ApiManager:304 - Cannot register API 'Wireless:BlueNRG-MS' from pack STMicroelectronics.X-CUBE-BLE1.6.2.3: no header file found
2023-09-25 21:56:27,291 [WARN] ApiManager:304 - Cannot register API 'Wireless:BlueNRG-MS' from pack STMicroelectronics.X-CUBE-BLE1.6.2.4: no header file found
2023-09-25 21:56:27,294 [INFO] RtosManager:484 - Registered RTOS mode: class=CMSIS, group=RTOS, mode=CMSIS_V1, owner=FREERTOS
2023-09-25 21:56:27,294 [INFO] RtosManager:484 - Registered RTOS mode: class=CMSIS, group=RTOS2, mode=CMSIS_V2, owner=FREERTOS
2023-09-25 21:56:27,294 [INFO] RtosManager:484 - Registered RTOS mode: class=RTOS, group=Core, mode=CMSIS_V1, owner=FREERTOS
2023-09-25 21:56:27,294 [INFO] RtosManager:484 - Registered RTOS mode: class=RTOS, group=Core, mode=CMSIS_V2, owner=FREERTOS
2023-09-25 21:56:27,295 [WARN] ModelIntegratedComponent:181 - Missing modes for component STMicroelectronics:FreeRTOS:0.0.1:STMicroelectronics:RTOS:FreeRTOS:Core:::10.2.0:
2023-09-25 21:56:27,302 [WARN] ApiManager:304 - Cannot register API 'Board Extension:S2868A1' from pack STMicroelectronics.X-CUBE-SUBG2.5.0.0: no header file found
2023-09-25 21:56:27,302 [WARN] ApiManager:304 - Cannot register API 'Board Extension:S2868A2' from pack STMicroelectronics.X-CUBE-SUBG2.5.0.0: no header file found
2023-09-25 21:56:27,302 [WARN] ApiManager:304 - Cannot register API 'Board Extension:S2915A1' from pack STMicroelectronics.X-CUBE-SUBG2.5.0.0: no header file found
2023-09-25 21:56:27,309 [WARN] ApiManager:304 - Cannot register API 'Board Extension:NFC04A1' from pack STMicroelectronics.X-CUBE-NFC4.2.0.5: no header file found
2023-09-25 21:56:27,310 [WARN] ApiManager:304 - Cannot register API 'Board Extension:NFC04A1' from pack STMicroelectronics.X-CUBE-NFC4.2.0.4: no header file found
2023-09-25 21:56:27,321 [WARN] ModelIntegratedComponent:60 - No mode defined for component null
2023-09-25 21:56:27,321 [WARN] ModelIntegratedComponent:60 - No mode defined for component null
2023-09-25 21:56:27,321 [WARN] ModelIntegratedComponent:60 - No mode defined for component null
2023-09-25 21:56:27,321 [WARN] ModelIntegratedComponent:60 - No mode defined for component null
2023-09-25 21:56:27,321 [WARN] ModelIntegratedComponent:60 - No mode defined for component null
2023-09-25 21:56:27,321 [WARN] ModelIntegratedComponent:60 - No mode defined for component null
2023-09-25 21:56:27,322 [WARN] ModelIntegratedComponent:60 - No mode defined for component null
2023-09-25 21:56:27,322 [WARN] ModelIntegratedComponent:60 - No mode defined for component null
2023-09-25 21:56:27,322 [WARN] ModelIntegratedComponent:60 - No mode defined for component null
2023-09-25 21:56:27,322 [WARN] ModelIntegratedComponent:60 - No mode defined for component null
2023-09-25 21:56:27,322 [WARN] ModelIntegratedComponent:60 - No mode defined for component null
2023-09-25 21:56:27,322 [WARN] ModelIntegratedComponent:60 - No mode defined for component null
2023-09-25 21:56:27,322 [WARN] ModelIntegratedComponent:60 - No mode defined for component null
2023-09-25 21:56:27,323 [WARN] ModelIntegratedComponent:60 - No mode defined for component null
2023-09-25 21:56:27,323 [WARN] ModelIntegratedComponent:60 - No mode defined for component null
2023-09-25 21:56:27,323 [WARN] ModelIntegratedComponent:60 - No mode defined for component null
2023-09-25 21:56:27,323 [WARN] ModelIntegratedComponent:60 - No mode defined for component null
2023-09-25 21:56:27,323 [WARN] ModelIntegratedComponent:60 - No mode defined for component null
2023-09-25 21:56:27,323 [WARN] ModelIntegratedComponent:60 - No mode defined for component null
2023-09-25 21:56:27,323 [WARN] ModelIntegratedComponent:60 - No mode defined for component null
2023-09-25 21:56:27,323 [WARN] ModelIntegratedComponent:60 - No mode defined for component null
2023-09-25 21:56:27,324 [WARN] ModelIntegratedComponent:60 - No mode defined for component null
2023-09-25 21:56:27,324 [WARN] ModelIntegratedComponent:60 - No mode defined for component null
2023-09-25 21:56:27,324 [WARN] ModelIntegratedComponent:60 - No mode defined for component null
2023-09-25 21:56:27,324 [WARN] ModelIntegratedComponent:60 - No mode defined for component null
2023-09-25 21:56:27,324 [WARN] ModelIntegratedComponent:60 - No mode defined for component null
2023-09-25 21:56:27,324 [WARN] ModelIntegratedComponent:60 - No mode defined for component null
2023-09-25 21:56:27,324 [WARN] ModelIntegratedComponent:60 - No mode defined for component null
2023-09-25 21:56:27,324 [WARN] ModelIntegratedComponent:60 - No mode defined for component null
2023-09-25 21:56:27,324 [WARN] ModelIntegratedComponent:60 - No mode defined for component null
2023-09-25 21:56:27,324 [WARN] ModelIntegratedComponent:60 - No mode defined for component null
2023-09-25 21:56:27,326 [WARN] ApiManager:304 - Cannot register API 'Board Extension:NFC07A1' from pack STMicroelectronics.X-CUBE-NFC7.1.0.0: no header file found
2023-09-25 21:56:27,734 [WARN] ApiManager:304 - Cannot register API 'Board Extension:IKS01A3' from pack STMicroelectronics.X-CUBE-MEMS1.9.3.0: no header file found
2023-09-25 21:56:27,734 [WARN] ApiManager:304 - Cannot register API 'Board Extension:IKS01A2' from pack STMicroelectronics.X-CUBE-MEMS1.9.3.0: no header file found
2023-09-25 21:56:27,734 [WARN] ApiManager:304 - Cannot register API 'Board Extension:IKS02A1' from pack STMicroelectronics.X-CUBE-MEMS1.9.3.0: no header file found
2023-09-25 21:56:27,747 [WARN] ApiManager:304 - Cannot register API 'Board Extension:EEPRMA1' from pack STMicroelectronics.X-CUBE-EEPRMA1.4.1.0: no header file found
2023-09-25 21:56:27,747 [WARN] ApiManager:304 - Cannot register API 'Board Extension:EEPRMA2' from pack STMicroelectronics.X-CUBE-EEPRMA1.4.1.0: no header file found
2023-09-25 21:56:27,747 [WARN] ApiManager:304 - Cannot register API 'Board Extension:PGEEZ1' from pack STMicroelectronics.X-CUBE-EEPRMA1.4.1.0: no header file found
2023-09-25 21:56:27,747 [WARN] ApiManager:304 - Cannot register API 'Board Part:M24' from pack STMicroelectronics.X-CUBE-EEPRMA1.4.1.0: no header file found
2023-09-25 21:56:27,747 [WARN] ApiManager:304 - Cannot register API 'Board Part:M95' from pack STMicroelectronics.X-CUBE-EEPRMA1.4.1.0: no header file found
2023-09-25 21:56:27,748 [WARN] ApiManager:304 - Cannot register API 'Board Part:M95P32' from pack STMicroelectronics.X-CUBE-EEPRMA1.4.1.0: no header file found
2023-09-25 21:56:27,748 [WARN] ApiManager:304 - Cannot register API 'PGEEZ1:SPI' from pack STMicroelectronics.X-CUBE-EEPRMA1.4.1.0: no header file found
2023-09-25 21:56:27,748 [WARN] ApiManager:304 - Cannot register API 'PGEEZ1:QDSPI' from pack STMicroelectronics.X-CUBE-EEPRMA1.4.1.0: no header file found
2023-09-25 21:56:27,753 [WARN] ApiManager:304 - Cannot register API 'Board Extension:EEPRMA1' from pack STMicroelectronics.X-CUBE-EEPRMA1.3.1.1: no header file found
2023-09-25 21:56:27,753 [WARN] ApiManager:304 - Cannot register API 'Board Extension:EEPRMA2' from pack STMicroelectronics.X-CUBE-EEPRMA1.3.1.1: no header file found
2023-09-25 21:56:27,755 [WARN] ApiManager:304 - Cannot register API 'Board Extension:S2868A1' from pack STMicroelectronics.X-CUBE-SFXS2LP1.4.0.0: no header file found
2023-09-25 21:56:27,756 [WARN] ApiManager:304 - Cannot register API 'Board Extension:S2868A2' from pack STMicroelectronics.X-CUBE-SFXS2LP1.4.0.0: no header file found
2023-09-25 21:56:27,756 [WARN] ApiManager:304 - Cannot register API 'Board Extension:S2915A1' from pack STMicroelectronics.X-CUBE-SFXS2LP1.4.0.0: no header file found
2023-09-25 21:56:37,842 [INFO] UtilMem:74 - End LoadConfig() Used Memory: 404749736 Bytes (548405248)
2023-09-25 21:56:37,856 [WARN] ThirdParty:779 - waiting for thirdparty lock release [change project]
2023-09-25 21:56:37,856 [INFO] ThirdParty:781 - entering critical section [change project]
2023-09-25 21:56:37,856 [INFO] ThirdParty:967 - CMSIS Pack Vendor :STMicroelectronics X-CUBE-ISPU 1.1.0
2023-09-25 21:56:37,856 [INFO] ThirdParty:967 - CMSIS Pack Vendor :RoweBots I-CUBE-UNISONRTOS 5.5.0-4
2023-09-25 21:56:37,857 [INFO] ThirdParty:967 - CMSIS Pack Vendor :STMicroelectronics X-CUBE-AZRTOS-H7 2.1.0
2023-09-25 21:56:37,857 [INFO] ThirdParty:967 - CMSIS Pack Vendor :STMicroelectronics USB_HOST 2.0.0
2023-09-25 21:56:37,857 [INFO] ThirdParty:967 - CMSIS Pack Vendor :STMicroelectronics X-CUBE-AZRTOS-F4 1.1.0
2023-09-25 21:56:37,857 [INFO] ThirdParty:967 - CMSIS Pack Vendor :STMicroelectronics USB_DEVICE 3.0.0
2023-09-25 21:56:37,857 [INFO] ThirdParty:967 - CMSIS Pack Vendor :STMicroelectronics X-CUBE-TOUCHGFX 4.21.0
2023-09-25 21:56:37,857 [INFO] ThirdParty:967 - CMSIS Pack Vendor :STMicroelectronics X-CUBE-BLEMGR 1.0.0
2023-09-25 21:56:37,857 [INFO] ThirdParty:967 - CMSIS Pack Vendor :STMicroelectronics X-CUBE-BLEMGR 1.2.0
2023-09-25 21:56:37,857 [INFO] ThirdParty:967 - CMSIS Pack Vendor :STMicroelectronics X-CUBE-AZRTOS-F7 1.1.0
2023-09-25 21:56:37,858 [INFO] ThirdParty:967 - CMSIS Pack Vendor :STMicroelectronics X-CUBE-MEMS1 9.4.0
2023-09-25 21:56:37,858 [INFO] ThirdParty:967 - CMSIS Pack Vendor :STMicroelectronics USB_DEVICE 2.0.0
2023-09-25 21:56:37,858 [INFO] ThirdParty:967 - CMSIS Pack Vendor :STMicroelectronics X-CUBE-AI 7.3.0
2023-09-25 21:56:37,858 [INFO] ThirdParty:967 - CMSIS Pack Vendor :STMicroelectronics X-CUBE-BLE1 6.2.3
2023-09-25 21:56:37,858 [INFO] ThirdParty:967 - CMSIS Pack Vendor :STMicroelectronics X-CUBE-ALGOBUILD 1.3.0
2023-09-25 21:56:37,858 [INFO] ThirdParty:967 - CMSIS Pack Vendor :STMicroelectronics X-CUBE-BLE1 6.2.4
2023-09-25 21:56:37,858 [INFO] ThirdParty:967 - CMSIS Pack Vendor :STMicroelectronics X-CUBE-AZRTOS-L5 1.1.0
2023-09-25 21:56:37,858 [INFO] ThirdParty:967 - CMSIS Pack Vendor :STMicroelectronics FreeRTOS 0.0.1
2023-09-25 21:56:37,859 [INFO] ThirdParty:967 - CMSIS Pack Vendor :STMicroelectronics X-CUBE-AZRTOS-G0 1.1.0
2023-09-25 21:56:37,859 [INFO] ThirdParty:967 - CMSIS Pack Vendor :STMicroelectronics X-CUBE-SUBG2 5.0.0
2023-09-25 21:56:37,859 [INFO] ThirdParty:967 - CMSIS Pack Vendor :SEGGER I-CUBE-embOS 1.2.0
2023-09-25 21:56:37,859 [INFO] ThirdParty:967 - CMSIS Pack Vendor :STMicroelectronics lwIP 2.0.3
2023-09-25 21:56:37,859 [INFO] ThirdParty:967 - CMSIS Pack Vendor :STMicroelectronics X-CUBE-NFC4 2.0.5
2023-09-25 21:56:37,859 [INFO] ThirdParty:967 - CMSIS Pack Vendor :STMicroelectronics X-CUBE-NFC4 2.0.4
2023-09-25 21:56:37,859 [INFO] ThirdParty:967 - CMSIS Pack Vendor :STMicroelectronics USB_HOST 1.0.0
2023-09-25 21:56:37,859 [INFO] ThirdParty:967 - CMSIS Pack Vendor :STMicroelectronics PDM2PCM 3.1.0
2023-09-25 21:56:37,860 [INFO] ThirdParty:967 - CMSIS Pack Vendor :STMicroelectronics PDM2PCM 3.3.0
2023-09-25 21:56:37,860 [INFO] ThirdParty:967 - CMSIS Pack Vendor :STMicroelectronics X-CUBE-TOF1 3.1.0
2023-09-25 21:56:37,860 [INFO] ThirdParty:967 - CMSIS Pack Vendor :STMicroelectronics X-CUBE-BLEMGR 1.3.0
2023-09-25 21:56:37,860 [INFO] ThirdParty:967 - CMSIS Pack Vendor :STMicroelectronics X-CUBE-AZRTOS-G4 1.0.0
2023-09-25 21:56:37,860 [INFO] ThirdParty:967 - CMSIS Pack Vendor :STMicroelectronics FP-ATR-SIGFOX1 3.2.0
2023-09-25 21:56:37,860 [INFO] ThirdParty:967 - CMSIS Pack Vendor :STMicroelectronics X-CUBE-AZRTOS-L4 1.0.0
2023-09-25 21:56:37,860 [INFO] ThirdParty:967 - CMSIS Pack Vendor :wolfSSL I-CUBE-wolfSSL 5.5.0
2023-09-25 21:56:37,860 [INFO] ThirdParty:967 - CMSIS Pack Vendor :STMicroelectronics HAL Drivers 0.0.0
2023-09-25 21:56:37,861 [INFO] ThirdParty:967 - CMSIS Pack Vendor :STMicroelectronics MBEDTLS 2.16.2
2023-09-25 21:56:37,861 [INFO] ThirdParty:967 - CMSIS Pack Vendor :emotas I-CUBE-CANOPEN 1.1.2
2023-09-25 21:56:37,861 [INFO] ThirdParty:967 - CMSIS Pack Vendor :STMicroelectronics X-CUBE-TOUCHGFX 4.20.0
2023-09-25 21:56:37,861 [INFO] ThirdParty:967 - CMSIS Pack Vendor :STMicroelectronics MBEDTLS 2.14.1
2023-09-25 21:56:37,861 [INFO] ThirdParty:967 - CMSIS Pack Vendor :STMicroelectronics X-CUBE-NFC7 1.0.0
2023-09-25 21:56:37,861 [INFO] ThirdParty:967 - CMSIS Pack Vendor :STMicroelectronics X-CUBE-AZRTOS-WL 1.0.0
2023-09-25 21:56:37,861 [INFO] ThirdParty:967 - CMSIS Pack Vendor :STMicroelectronics X-CUBE-MEMS1 9.3.0
2023-09-25 21:56:37,861 [INFO] ThirdParty:967 - CMSIS Pack Vendor :STMicroelectronics X-CUBE-EEPRMA1 4.1.0
2023-09-25 21:56:37,862 [INFO] ThirdParty:967 - CMSIS Pack Vendor :portGmbH I-Cube-SoM-uGOAL 1.1.0
2023-09-25 21:56:37,862 [INFO] ThirdParty:967 - CMSIS Pack Vendor :STMicroelectronics X-CUBE-AI 7.2.0
2023-09-25 21:56:37,862 [INFO] ThirdParty:967 - CMSIS Pack Vendor :STMicroelectronics X-CUBE-AZRTOS-WB 1.1.0
2023-09-25 21:56:37,862 [INFO] ThirdParty:967 - CMSIS Pack Vendor :STMicroelectronics X-CUBE-AZRTOS-L5 1.0.0
2023-09-25 21:56:37,862 [INFO] ThirdParty:967 - CMSIS Pack Vendor :STMicroelectronics USB_DEVICE 1.0.0
2023-09-25 21:56:37,862 [INFO] ThirdParty:967 - CMSIS Pack Vendor :STMicroelectronics X-CUBE-EEPRMA1 3.1.1
2023-09-25 21:56:37,862 [INFO] ThirdParty:967 - CMSIS Pack Vendor :STMicroelectronics ThreadX 0.0.2
2023-09-25 21:56:37,862 [INFO] ThirdParty:967 - CMSIS Pack Vendor :STMicroelectronics lwIP 2.1.2
2023-09-25 21:56:37,863 [INFO] ThirdParty:967 - CMSIS Pack Vendor :STMicroelectronics X-CUBE-SFXS2LP1 4.0.0
2023-09-25 21:56:37,863 [INFO] ThirdParty:967 - CMSIS Pack Vendor :STMicroelectronics X-CUBE-TOF1 3.2.0
2023-09-25 21:56:37,863 [INFO] ThirdParty:967 - CMSIS Pack Vendor :STMicroelectronics PDM2PCM 3.2.0
2023-09-25 21:56:37,863 [INFO] ThirdParty:967 - CMSIS Pack Vendor :STMicroelectronics X-CUBE-AZRTOS-H7 3.0.0
2023-09-25 21:56:37,863 [INFO] ThirdParty:967 - CMSIS Pack Vendor :STMicroelectronics X-CUBE-ISPU 1.0.0
2023-09-25 21:56:37,864 [INFO] ThirdParty:787 - exiting critical section [change project]
2023-09-25 21:56:38,371 [INFO] PinOutPanel:1463 - setPackage(No Configuration,No Configuration)
2023-09-25 21:56:38,374 [INFO] PinOutPanel:1463 - setPackage(STM32F103C6Tx,LQFP48)
2023-09-25 21:56:39,382 [INFO] UtilMem:74 - Before build in PCC Used Memory: 465736216 Bytes (548405248)
2023-09-25 21:56:40,720 [INFO] UtilMem:74 - After build in PCC Used Memory: 463397880 Bytes (548405248)
2023-09-25 21:56:40,759 [INFO] IPUIPlugin:74 - create IPUIPlugin
2023-09-25 21:56:40,760 [INFO] IPUIPlugin:74 - create IPUIPlugin
2023-09-25 21:56:40,760 [INFO] IPUIPlugin:74 - create IPUIPlugin
2023-09-25 21:56:40,761 [INFO] IPUIPlugin:74 - create IPUIPlugin
2023-09-25 21:56:40,761 [INFO] IPUIPlugin:74 - create IPUIPlugin
2023-09-25 21:56:40,761 [INFO] IPUIPlugin:74 - create IPUIPlugin
2023-09-25 21:56:40,761 [INFO] IPUIPlugin:74 - create IPUIPlugin
2023-09-25 21:56:40,762 [INFO] IPUIPlugin:74 - create IPUIPlugin
2023-09-25 21:56:40,762 [INFO] IPUIPlugin:74 - create IPUIPlugin
2023-09-25 21:56:40,775 [INFO] IPUIPlugin:74 - create IPUIPlugin
2023-09-25 21:56:40,776 [INFO] IPUIPlugin:74 - create IPUIPlugin
2023-09-25 21:56:40,777 [INFO] IPUIPlugin:74 - create IPUIPlugin
2023-09-25 21:56:40,778 [INFO] IPUIPlugin:74 - create IPUIPlugin
2023-09-25 21:56:40,779 [INFO] IPUIPlugin:74 - create IPUIPlugin
2023-09-25 21:56:40,780 [INFO] IPUIPlugin:74 - create IPUIPlugin
2023-09-25 21:56:40,781 [INFO] IPUIPlugin:74 - create IPUIPlugin
2023-09-25 21:56:40,782 [INFO] IPUIPlugin:74 - create IPUIPlugin
2023-09-25 21:56:40,783 [INFO] IPUIPlugin:74 - create IPUIPlugin
2023-09-25 21:56:40,785 [INFO] IPUIPlugin:74 - create IPUIPlugin
2023-09-25 21:56:40,786 [INFO] IPUIPlugin:74 - create IPUIPlugin
2023-09-25 21:56:40,788 [INFO] IPUIPlugin:74 - create IPUIPlugin
2023-09-25 21:56:40,790 [INFO] IPUIPlugin:74 - create IPUIPlugin
2023-09-25 21:56:40,792 [INFO] IPUIPlugin:74 - create IPUIPlugin
2023-09-25 21:56:41,009 [INFO] OpenFileManager:333 - Restore cursor
2023-09-25 21:56:41,695 [INFO] UtilMem:74 - End SaveConfig() Used Memory: 478694824 Bytes (548405248)
2023-09-25 21:56:41,847 [INFO] UtilMem:74 - End SaveConfig() Used Memory: 442455008 Bytes (548405248)
2023-09-25 21:56:42,806 [INFO] BlockDiagram:2740 - set Specific Code input for plugin: NVIC
2023-09-25 21:56:42,807 [INFO] BlockDiagram:2740 - set Specific Code input for plugin: SYS
2023-09-25 21:56:42,807 [INFO] BlockDiagram:2740 - set Specific Code input for plugin: RCC
2023-09-25 21:56:42,810 [INFO] CodeGenerator:663 - code generatio: config db path: C:\ST\STM32CubeIDE_1.7.0\STM32CubeIDE\plugins\com.st.stm32cube.common.mx_6.3.0.202107141111\\db\
2023-09-25 21:56:43,793 [INFO] CodeEngine:239 - oldGeneratedFile, C:\Users\Admin\Desktop\VXL\HK231\LAB1\EXERCISE 7\SOURCE CODE\EXERCISE7\MXTmpFiles\license.tmp_save
2023-09-25 21:56:44,617 [INFO] CodeEngine:257 - Generated code: C:\Users\Admin\Desktop\VXL\HK231\LAB1\EXERCISE 7\SOURCE CODE\EXERCISE7\MXTmpFiles\license.tmp
2023-09-25 21:56:45,022 [INFO] CodeEngine:239 - oldGeneratedFile, C:\Users\Admin\Desktop\VXL\HK231\LAB1\EXERCISE 7\SOURCE CODE\EXERCISE7\Core\Src\stm32f1xx_it.c_save
2023-09-25 21:56:45,497 [INFO] CodeEngine:257 - Generated code: C:\Users\Admin\Desktop\VXL\HK231\LAB1\EXERCISE 7\SOURCE CODE\EXERCISE7\Core\Src\stm32f1xx_it.c
2023-09-25 21:56:45,523 [INFO] CodeEngine:239 - oldGeneratedFile, C:\Users\Admin\Desktop\VXL\HK231\LAB1\EXERCISE 7\SOURCE CODE\EXERCISE7\Core\Inc\stm32f1xx_it.h_save
2023-09-25 21:56:45,744 [INFO] CodeEngine:257 - Generated code: C:\Users\Admin\Desktop\VXL\HK231\LAB1\EXERCISE 7\SOURCE CODE\EXERCISE7\Core\Inc\stm32f1xx_it.h
2023-09-25 21:56:45,786 [INFO] CodeEngine:239 - oldGeneratedFile, C:\Users\Admin\Desktop\VXL\HK231\LAB1\EXERCISE 7\SOURCE CODE\EXERCISE7\Core\Src\stm32f1xx_hal_msp.c_save
2023-09-25 21:56:46,140 [INFO] CodeEngine:257 - Generated code: C:\Users\Admin\Desktop\VXL\HK231\LAB1\EXERCISE 7\SOURCE CODE\EXERCISE7\Core\Src\stm32f1xx_hal_msp.c
2023-09-25 21:56:46,167 [INFO] CodeEngine:239 - oldGeneratedFile, C:\Users\Admin\Desktop\VXL\HK231\LAB1\EXERCISE 7\SOURCE CODE\EXERCISE7\MXTmpFiles\system.tmp_save
2023-09-25 21:56:46,372 [INFO] CodeEngine:257 - Generated code: C:\Users\Admin\Desktop\VXL\HK231\LAB1\EXERCISE 7\SOURCE CODE\EXERCISE7\MXTmpFiles\system.tmp
2023-09-25 21:56:46,427 [INFO] CodeEngine:239 - oldGeneratedFile, C:\Users\Admin\Desktop\VXL\HK231\LAB1\EXERCISE 7\SOURCE CODE\EXERCISE7\Core\Inc\stm32f1xx_hal_conf.h_save
2023-09-25 21:56:46,625 [INFO] CodeEngine:257 - Generated code: C:\Users\Admin\Desktop\VXL\HK231\LAB1\EXERCISE 7\SOURCE CODE\EXERCISE7\Core\Inc\stm32f1xx_hal_conf.h
2023-09-25 21:56:46,752 [INFO] CodeEngine:239 - oldGeneratedFile, C:\Users\Admin\Desktop\VXL\HK231\LAB1\EXERCISE 7\SOURCE CODE\EXERCISE7\Core\Inc\main.h_save
2023-09-25 21:56:47,072 [INFO] CodeEngine:257 - Generated code: C:\Users\Admin\Desktop\VXL\HK231\LAB1\EXERCISE 7\SOURCE CODE\EXERCISE7\Core\Inc\main.h
2023-09-25 21:56:47,118 [INFO] CodeEngine:239 - oldGeneratedFile, C:\Users\Admin\Desktop\VXL\HK231\LAB1\EXERCISE 7\SOURCE CODE\EXERCISE7\Core\Src\main.c_save
2023-09-25 21:56:47,664 [INFO] CodeEngine:257 - Generated code: C:\Users\Admin\Desktop\VXL\HK231\LAB1\EXERCISE 7\SOURCE CODE\EXERCISE7\Core\Src\main.c
2023-09-25 21:56:50,046 [INFO] ProjectBuilder:2578 - Time for Copy HAL[1] : 167mS.
2023-09-25 21:56:50,079 [INFO] ProjectBuilder:3622 - Project Generator version: 3.14.1
2023-09-25 21:56:51,784 [INFO] ConfigFileManager:1271 - The Die is : DIE412
2023-09-25 21:56:51,850 [INFO] ApiDbMcu:468 - Load IP Config File for FATFS
2023-09-25 21:56:51,980 [INFO] ApiDbMcu:468 - Load IP Config File for FREERTOS
2023-09-25 21:56:52,093 [INFO] ApiDbMcu:468 - Load IP Config File for USB_DEVICE
2023-09-25 21:57:03,619 [INFO] ProjectBuilder:3789 - Time for Generating toolchain IDE Files: 13540mS.
2023-09-25 21:57:03,621 [INFO] ProjectBuilder:2457 - Time for Copy CMSIS : 1mS.
2023-09-25 21:57:03,625 [INFO] ProjectBuilder:2457 - Time for Copy CMSIS : 0mS.
2023-09-25 21:57:04,643 [INFO] McuFinderGlobals:52 - Set McuFinderConnectedMode to true
2023-09-25 21:57:04,650 [INFO] ApiDb:276 - Save user favorites file C:\Users\Admin/.stm32cubeide/favorites.mcus.txt: 0 item(s)
2023-09-25 21:57:04,650 [INFO] ApiDb:280 - User favorites MCUs=[]
2023-09-25 22:02:07,226 [INFO] UtilMem:74 - End SaveConfig() Used Memory: 817190752 Bytes (959447040)
2023-09-25 22:02:08,700 [INFO] UtilMem:74 - End SaveConfig() Used Memory: 837678464 Bytes (959447040)
2023-09-25 22:02:10,853 [INFO] UtilMem:74 - End SaveConfig() Used Memory: 731289664 Bytes (959447040)
2023-09-25 22:02:11,142 [INFO] BlockDiagram:2740 - set Specific Code input for plugin: NVIC
2023-09-25 22:02:11,142 [INFO] BlockDiagram:2740 - set Specific Code input for plugin: SYS
2023-09-25 22:02:11,142 [INFO] BlockDiagram:2740 - set Specific Code input for plugin: GPIO
2023-09-25 22:02:11,142 [INFO] BlockDiagram:2740 - set Specific Code input for plugin: RCC
2023-09-25 22:02:11,142 [INFO] CodeGenerator:663 - code generatio: config db path: C:\ST\STM32CubeIDE_1.7.0\STM32CubeIDE\plugins\com.st.stm32cube.common.mx_6.3.0.202107141111\\db\
2023-09-25 22:02:11,540 [INFO] CodeEngine:239 - oldGeneratedFile, C:\Users\Admin\Desktop\VXL\HK231\LAB1\EXERCISE 7\SOURCE CODE\EXERCISE7\MXTmpFiles\license.tmp_save
2023-09-25 22:02:11,633 [INFO] CodeEngine:257 - Generated code: C:\Users\Admin\Desktop\VXL\HK231\LAB1\EXERCISE 7\SOURCE CODE\EXERCISE7\MXTmpFiles\license.tmp
2023-09-25 22:02:11,785 [INFO] CodeEngine:239 - oldGeneratedFile, C:\Users\Admin\Desktop\VXL\HK231\LAB1\EXERCISE 7\SOURCE CODE\EXERCISE7\MXTmpFiles\gpio.tmp_save
2023-09-25 22:02:11,883 [INFO] CodeEngine:257 - Generated code: C:\Users\Admin\Desktop\VXL\HK231\LAB1\EXERCISE 7\SOURCE CODE\EXERCISE7\MXTmpFiles\gpio.tmp
2023-09-25 22:02:11,982 [INFO] CodeEngine:239 - oldGeneratedFile, C:\Users\Admin\Desktop\VXL\HK231\LAB1\EXERCISE 7\SOURCE CODE\EXERCISE7\Core\Src\stm32f1xx_it.c_save
2023-09-25 22:02:12,188 [INFO] CodeEngine:257 - Generated code: C:\Users\Admin\Desktop\VXL\HK231\LAB1\EXERCISE 7\SOURCE CODE\EXERCISE7\Core\Src\stm32f1xx_it.c
2023-09-25 22:02:12,197 [INFO] CodeEngine:239 - oldGeneratedFile, C:\Users\Admin\Desktop\VXL\HK231\LAB1\EXERCISE 7\SOURCE CODE\EXERCISE7\Core\Inc\stm32f1xx_it.h_save
2023-09-25 22:02:12,358 [INFO] CodeEngine:257 - Generated code: C:\Users\Admin\Desktop\VXL\HK231\LAB1\EXERCISE 7\SOURCE CODE\EXERCISE7\Core\Inc\stm32f1xx_it.h
2023-09-25 22:02:12,388 [INFO] CodeEngine:239 - oldGeneratedFile, C:\Users\Admin\Desktop\VXL\HK231\LAB1\EXERCISE 7\SOURCE CODE\EXERCISE7\Core\Src\stm32f1xx_hal_msp.c_save
2023-09-25 22:02:12,530 [INFO] CodeEngine:257 - Generated code: C:\Users\Admin\Desktop\VXL\HK231\LAB1\EXERCISE 7\SOURCE CODE\EXERCISE7\Core\Src\stm32f1xx_hal_msp.c
2023-09-25 22:02:12,533 [INFO] CodeEngine:239 - oldGeneratedFile, C:\Users\Admin\Desktop\VXL\HK231\LAB1\EXERCISE 7\SOURCE CODE\EXERCISE7\MXTmpFiles\system.tmp_save
2023-09-25 22:02:12,613 [INFO] CodeEngine:257 - Generated code: C:\Users\Admin\Desktop\VXL\HK231\LAB1\EXERCISE 7\SOURCE CODE\EXERCISE7\MXTmpFiles\system.tmp
2023-09-25 22:02:12,633 [INFO] CodeEngine:239 - oldGeneratedFile, C:\Users\Admin\Desktop\VXL\HK231\LAB1\EXERCISE 7\SOURCE CODE\EXERCISE7\Core\Inc\stm32f1xx_hal_conf.h_save
2023-09-25 22:02:12,740 [INFO] CodeEngine:257 - Generated code: C:\Users\Admin\Desktop\VXL\HK231\LAB1\EXERCISE 7\SOURCE CODE\EXERCISE7\Core\Inc\stm32f1xx_hal_conf.h
2023-09-25 22:02:12,786 [INFO] CodeEngine:239 - oldGeneratedFile, C:\Users\Admin\Desktop\VXL\HK231\LAB1\EXERCISE 7\SOURCE CODE\EXERCISE7\Core\Inc\main.h_save
2023-09-25 22:02:12,903 [INFO] CodeEngine:257 - Generated code: C:\Users\Admin\Desktop\VXL\HK231\LAB1\EXERCISE 7\SOURCE CODE\EXERCISE7\Core\Inc\main.h
2023-09-25 22:02:12,920 [INFO] CodeEngine:239 - oldGeneratedFile, C:\Users\Admin\Desktop\VXL\HK231\LAB1\EXERCISE 7\SOURCE CODE\EXERCISE7\Core\Src\main.c_save
2023-09-25 22:02:13,060 [INFO] CodeEngine:257 - Generated code: C:\Users\Admin\Desktop\VXL\HK231\LAB1\EXERCISE 7\SOURCE CODE\EXERCISE7\Core\Src\main.c
2023-09-25 22:02:14,053 [INFO] ProjectBuilder:2578 - Time for Copy HAL[1] : 75mS.
2023-09-25 22:02:14,055 [INFO] ProjectBuilder:3622 - Project Generator version: 3.14.1
2023-09-25 22:02:14,670 [INFO] ConfigFileManager:1271 - The Die is : DIE412
2023-09-25 22:02:19,734 [INFO] ProjectBuilder:3789 - Time for Generating toolchain IDE Files: 5679mS.
2023-09-25 22:02:19,736 [INFO] ProjectBuilder:2457 - Time for Copy CMSIS : 1mS.
2023-09-25 22:02:19,742 [INFO] ProjectBuilder:2457 - Time for Copy CMSIS : 1mS.
2023-09-27 10:26:42,104 [INFO] Activator:177 - 


2023-09-27 10:26:42,107 [INFO] Activator:178 - !SESSION log4j initialized
2023-10-01 19:55:42,041 [INFO] Activator:177 - 


2023-10-01 19:55:42,046 [INFO] Activator:178 - !SESSION log4j initialized
2023-10-03 18:18:47,476 [INFO] Activator:177 - 


2023-10-03 18:18:47,492 [INFO] Activator:178 - !SESSION log4j initialized
